mihwuan@LAPTOP-4OTK8GAL:~/Project/zkCross$ bash scripts/run_azure_scenario1.sh
========================================================
  Bắt đầu chạy Kịch bản 1 trên 10 Azure VMs (Bản vá Real TPS)
========================================================
[11:28:11] Resetting network rules on all 10 VMs...
[11:32:22] ===========================================
[11:32:22] Đang đo lường với độ trễ mạng: 0ms
[11:32:33] Starting miners and injecting transactions across 10 VMs...
[11:32:37] Running load test for 60 seconds...
[11:33:32] Stopping transactions on all VMs...
[11:33:43] Đang chui vào 23 blocks để đếm số giao dịch...
[11:36:10] Kết quả tại 0ms: Đào được 23 blocks | Tổng cộng 59 Giao dịch | .98 TPS
[11:36:10] Removing latency rules...
[11:40:50] ===========================================
[11:40:50] Đang đo lường với độ trễ mạng: 50ms
[11:40:50] Injecting 50ms latency to 200 nodes...
[11:45:26] Starting miners and injecting transactions across 10 VMs...
[11:45:33] Running load test for 60 seconds...
[11:46:28] Stopping transactions on all VMs...
[11:46:43] Đang chui vào 24 blocks để đếm số giao dịch...
[11:49:16] Kết quả tại 50ms: Đào được 24 blocks | Tổng cộng 66 Giao dịch | 1.10 TPS
[11:49:16] Removing latency rules...
[11:54:01] ===========================================
[11:54:01] Đang đo lường với độ trễ mạng: 150ms
[11:54:01] Injecting 150ms latency to 200 nodes...
[11:59:02] Starting miners and injecting transactions across 10 VMs...
[11:59:06] Running load test for 60 seconds...
[12:00:01] Stopping transactions on all VMs...
[12:00:19] Đang chui vào 25 blocks để đếm số giao dịch...
[12:03:35] Kết quả tại 150ms: Đào được 25 blocks | Tổng cộng 77 Giao dịch | 1.28 TPS
[12:03:35] Removing latency rules...
[12:09:17] ===========================================
[12:09:17] Đang đo lường với độ trễ mạng: 300ms
[12:09:17] Injecting 300ms latency to 200 nodes...
[12:14:56] Starting miners and injecting transactions across 10 VMs...
[12:15:01] Running load test for 60 seconds...
[12:15:56] Stopping transactions on all VMs...
[12:16:13] Đang chui vào 25 blocks để đếm số giao dịch...
[12:19:37] Kết quả tại 300ms: Đào được 25 blocks | Tổng cộng 87 Giao dịch | 1.45 TPS
[12:19:37] Removing latency rules...
[12:25:00] Hoàn thành! KẾT QUẢ ĐÃ ĐƯỢC LƯU TẠI: results/azure_latency_20260426_112811/
mihwuan@LAPTOP-4OTK8GAL:~/Project/zkCross$ 